This file contains any messages produced by compilers while
running configure, to aid debugging if configure makes a mistake.

It was created by configure, which was
generated by GNU Autoconf 2.53.  Invocation command line was

  $ ./configure --build=i386-linux --host=i386-linux --target=i386-linux CC=gcc CFLAGS= CPPFLAGS= CPP=cpp CXXFLAGS=-O0 -g3 -Wall  CXX=g++ LDFLAGS= build_alias=i386-linux host_alias=i386-linux target_alias=i386-linux --prefix=/usr/local/kde --no-create --no-recursion

## --------- ##
## Platform. ##
## --------- ##

hostname = d26-216.sm.luth.se
uname -m = i686
uname -r = 2.4.20
uname -s = Linux
uname -v = #1 SMP tor mar 27 14:42:26 CET 2003

/usr/bin/uname -p = unknown
/bin/uname -X     = unknown

/bin/arch              = i686
/usr/bin/arch -k       = unknown
/usr/convex/getsysinfo = unknown
hostinfo               = unknown
/bin/machine           = unknown
/usr/bin/oslevel       = unknown
/bin/universe          = unknown

PATH: /usr/games
PATH: /usr/local/bin
PATH: /bin
PATH: /usr/bin
PATH: /usr/X11R6/bin


## ----------- ##
## Core tests. ##
## ----------- ##

configure:1435: checking build system type
configure:1453: result: i386-pc-linux-gnu
configure:1461: checking host system type
configure:1475: result: i386-pc-linux-gnu
configure:1483: checking target system type
configure:1497: result: i386-pc-linux-gnu
configure:1542: checking for a BSD-compatible install
configure:1596: result: /usr/bin/install -c
configure:1611: checking for -p flag to install
configure:1624: result: yes
configure:1635: checking whether build environment is sane
configure:1678: result: yes
configure:1699: checking for gawk
configure:1715: found /bin/gawk
configure:1725: result: gawk
configure:1735: checking whether make sets ${MAKE}
configure:1755: result: yes
configure:1906: checking for style of include used by make
configure:1934: result: GNU
configure:2031: checking for i386-linux-gcc
configure:2057: result: gcc
configure:2339: checking for C compiler version
configure:2342: gcc --version </dev/null >&5
gcc (GCC) 3.2 20020903 (Red Hat Linux 8.0 3.2-7)
Copyright (C) 2002 Free Software Foundation, Inc.
This is free software; see the source for copying conditions.  There is NO
warranty; not even for MERCHANTABILITY or FITNESS FOR A PARTICULAR PURPOSE.

configure:2345: $? = 0
configure:2347: gcc -v </dev/null >&5
Reading specs from /usr/lib/gcc-lib/i386-redhat-linux/3.2/specs
Configured with: ../configure --prefix=/usr --mandir=/usr/share/man --infodir=/usr/share/info --enable-shared --enable-threads=posix --disable-checking --host=i386-redhat-linux --with-system-zlib --enable-__cxa_atexit
Thread model: posix
gcc version 3.2 20020903 (Red Hat Linux 8.0 3.2-7)
configure:2350: $? = 0
configure:2352: gcc -V </dev/null >&5
gcc: argument to `-V' is missing
configure:2355: $? = 1
configure:2381: checking for C compiler default output
configure:2384: gcc     conftest.c  >&5
configure:2387: $? = 0
configure:2420: result: a.out
configure:2425: checking whether the C compiler works
configure:2431: ./a.out
configure:2434: $? = 0
configure:2449: result: yes
configure:2456: checking whether we are cross compiling
configure:2458: result: no
configure:2461: checking for suffix of executables
configure:2463: gcc -o conftest     conftest.c  >&5
configure:2466: $? = 0
configure:2488: result: 
configure:2494: checking for suffix of object files
configure:2518: gcc -c    conftest.c >&5
configure:2521: $? = 0
configure:2540: result: o
configure:2544: checking whether we are using the GNU C compiler
configure:2571: gcc -c    conftest.c >&5
configure:2574: $? = 0
configure:2577: test -s conftest.o
configure:2580: $? = 0
configure:2592: result: yes
configure:2598: checking whether gcc accepts -g
configure:2622: gcc -c -g  conftest.c >&5
configure:2625: $? = 0
configure:2628: test -s conftest.o
configure:2631: $? = 0
configure:2641: result: yes
configure:2668: gcc -c    conftest.c >&5
conftest.c:2: parse error before "me"
configure:2671: $? = 1
configure: failed program was:
#ifndef __cplusplus
  choke me
#endif
configure:2783: checking dependency style of gcc
configure:2845: result: gcc3
configure:2856: checking how to run the C preprocessor
configure:2958: result: cpp
configure:2973: cpp  conftest.c
configure:2979: $? = 0
configure:3006: cpp  conftest.c
configure:3002:28: ac_nonexistent.h: No such file or directory
configure:3012: $? = 1
configure: failed program was:
#line 3001 "configure"
#include "confdefs.h"
#include <ac_nonexistent.h>
configure:3090: checking for i386-linux-g++
configure:3116: result: g++
configure:3174: checking for C++ compiler version
configure:3177: g++ --version </dev/null >&5
g++ (GCC) 3.2 20020903 (Red Hat Linux 8.0 3.2-7)
Copyright (C) 2002 Free Software Foundation, Inc.
This is free software; see the source for copying conditions.  There is NO
warranty; not even for MERCHANTABILITY or FITNESS FOR A PARTICULAR PURPOSE.

configure:3180: $? = 0
configure:3182: g++ -v </dev/null >&5
Reading specs from /usr/lib/gcc-lib/i386-redhat-linux/3.2/specs
Configured with: ../configure --prefix=/usr --mandir=/usr/share/man --infodir=/usr/share/info --enable-shared --enable-threads=posix --disable-checking --host=i386-redhat-linux --with-system-zlib --enable-__cxa_atexit
Thread model: posix
gcc version 3.2 20020903 (Red Hat Linux 8.0 3.2-7)
configure:3185: $? = 0
configure:3187: g++ -V </dev/null >&5
g++: argument to `-V' missing

configure:3190: $? = 1
configure:3193: checking whether we are using the GNU C++ compiler
configure:3220: g++ -c  -O0 -g3 -Wall   conftest.cc >&5
configure:3223: $? = 0
configure:3226: test -s conftest.o
configure:3229: $? = 0
configure:3241: result: yes
configure:3247: checking whether g++ accepts -g
configure:3271: g++ -c -g  conftest.cc >&5
configure:3274: $? = 0
configure:3277: test -s conftest.o
configure:3280: $? = 0
configure:3290: result: yes
configure:3336: g++ -c  -O0 -g3 -Wall   conftest.cc >&5
configure:3339: $? = 0
configure:3342: test -s conftest.o
configure:3345: $? = 0
configure:3373: g++ -c  -O0 -g3 -Wall   conftest.cc >&5
configure: In function `int main()':
configure:3365: `exit' undeclared (first use this function)
configure:3365: (Each undeclared identifier is reported only once for each 
   function it appears in.)
configure:3376: $? = 1
configure: failed program was:
#line 3354 "configure"
#include "confdefs.h"

#ifdef F77_DUMMY_MAIN
#  ifdef __cplusplus
     extern "C"
#  endif
   int F77_DUMMY_MAIN() { return 1; }
#endif
int
main ()
{
exit (42);
  ;
  return 0;
}
configure:3336: g++ -c  -O0 -g3 -Wall   conftest.cc >&5
configure:3339: $? = 0
configure:3342: test -s conftest.o
configure:3345: $? = 0
configure:3373: g++ -c  -O0 -g3 -Wall   conftest.cc >&5
configure:3376: $? = 0
configure:3379: test -s conftest.o
configure:3382: $? = 0
configure:3406: checking dependency style of g++
configure:3468: result: gcc3
configure:3840: checking whether g++ supports -Wundef
configure:3879: rm -rf SunWS_cache; g++ -o conftest -Wall -pedantic -W -Wpointer-arith -Wmissing-prototypes -Wwrite-strings -ansi -D_XOPEN_SOURCE=500 -D_BSD_SOURCE -Wcast-align -Wconversion -O2  -O0 -g3 -Wall  -Wundef   conftest.cc  1>&5
configure:3882: $? = 0
configure:3885: test -s conftest
configure:3888: $? = 0
configure:3907: result: yes
configure:3919: checking whether g++ supports -Wno-long-long
configure:3958: rm -rf SunWS_cache; g++ -o conftest -Wundef -Wall -pedantic -W -Wpointer-arith -Wmissing-prototypes -Wwrite-strings -ansi -D_XOPEN_SOURCE=500 -D_BSD_SOURCE -Wcast-align -Wconversion -O2  -O0 -g3 -Wall  -Wno-long-long   conftest.cc  1>&5
configure:3961: $? = 0
configure:3964: test -s conftest
configure:3967: $? = 0
configure:3986: result: yes
configure:3998: checking whether g++ supports -Wnon-virtual-dtor
configure:4037: rm -rf SunWS_cache; g++ -o conftest -Wno-long-long -Wundef -Wall -pedantic -W -Wpointer-arith -Wmissing-prototypes -Wwrite-strings -ansi -D_XOPEN_SOURCE=500 -D_BSD_SOURCE -Wcast-align -Wconversion -O2  -O0 -g3 -Wall  -Wnon-virtual-dtor   conftest.cc  1>&5
configure:4040: $? = 0
configure:4043: test -s conftest
configure:4046: $? = 0
configure:4065: result: yes
configure:4085: checking whether g++ supports -fno-exceptions
configure:4124: rm -rf SunWS_cache; g++ -o conftest -Wnon-virtual-dtor -Wno-long-long -Wundef -Wall -pedantic -W -Wpointer-arith -Wmissing-prototypes -Wwrite-strings -ansi -D_XOPEN_SOURCE=500 -D_BSD_SOURCE -Wcast-align -Wconversion -O2  -O0 -g3 -Wall  -fno-exceptions   conftest.cc  1>&5
configure:4127: $? = 0
configure:4130: test -s conftest
configure:4133: $? = 0
configure:4152: result: yes
configure:4164: checking whether g++ supports -fno-check-new
configure:4203: rm -rf SunWS_cache; g++ -o conftest -Wnon-virtual-dtor -Wno-long-long -Wundef -Wall -pedantic -W -Wpointer-arith -Wmissing-prototypes -Wwrite-strings -ansi -D_XOPEN_SOURCE=500 -D_BSD_SOURCE -Wcast-align -Wconversion -O2  -O0 -g3 -Wall  -fno-exceptions -fno-check-new   conftest.cc  1>&5
configure:4206: $? = 0
configure:4209: test -s conftest
configure:4212: $? = 0
configure:4231: result: yes
configure:4243: checking whether g++ supports -fexceptions
configure:4282: rm -rf SunWS_cache; g++ -o conftest -Wnon-virtual-dtor -Wno-long-long -Wundef -Wall -pedantic -W -Wpointer-arith -Wmissing-prototypes -Wwrite-strings -ansi -D_XOPEN_SOURCE=500 -D_BSD_SOURCE -Wcast-align -Wconversion -O2  -O0 -g3 -Wall  -fno-exceptions -fno-check-new -fexceptions   conftest.cc  1>&5
configure:4285: $? = 0
configure:4288: test -s conftest
configure:4291: $? = 0
configure:4310: result: yes
configure:4917: checking how to run the C++ preprocessor
configure:4939: g++ -E  conftest.cc
configure:4945: $? = 0
configure:4972: g++ -E  conftest.cc
configure:4968:28: ac_nonexistent.h: No such file or directory
configure:4978: $? = 1
configure: failed program was:
#line 4967 "configure"
#include "confdefs.h"
#include <ac_nonexistent.h>
configure:5015: result: g++ -E
configure:5030: g++ -E  conftest.cc
configure:5036: $? = 0
configure:5063: g++ -E  conftest.cc
configure:5059:28: ac_nonexistent.h: No such file or directory
configure:5069: $? = 1
configure: failed program was:
#line 5058 "configure"
#include "confdefs.h"
#include <ac_nonexistent.h>
configure:5131: checking whether g++ supports -frepo
configure:5170: rm -rf SunWS_cache; g++ -o conftest -Wnon-virtual-dtor -Wno-long-long -Wundef -Wall -pedantic -W -Wpointer-arith -Wmissing-prototypes -Wwrite-strings -ansi -D_XOPEN_SOURCE=500 -D_BSD_SOURCE -Wcast-align -Wconversion -O2 -O0 -g3 -Wall -fno-exceptions -fno-check-new -frepo   conftest.cc  1>&5
conftest.cc:1: warning: -frepo must be used with -c
configure:5173: $? = 0
configure:5176: test -s conftest
configure:5179: $? = 0
configure:5198: result: yes
configure:5407: result: not using lib directory suffix
configure:5463: checking for ld used by GCC
configure:5527: result: /usr/bin/ld
configure:5536: checking if the linker (/usr/bin/ld) is GNU ld
GNU ld version 2.13.90.0.2 20020802
configure:5548: result: yes
configure:5553: checking for /usr/bin/ld option to reload object files
configure:5560: result: -r
configure:5569: checking for BSD-compatible nm
configure:5604: result: nm
configure:5608: checking for a sed that does not truncate output
configure:5684: result: 
configure:5687: checking whether ln -s works
configure:5691: result: yes
configure:5698: checking how to recognise dependant libraries
configure:5885: result: pass_all
configure:5955: gcc -c -ansi -W -Wall -pedantic -Wshadow -Wpointer-arith -Wmissing-prototypes -Wwrite-strings -D_XOPEN_SOURCE=500 -D_BSD_SOURCE -O2    conftest.c >&5
configure:5958: $? = 0
configure:6045: checking for ANSI C header files
configure:6059: cpp  conftest.c
configure:6065: $? = 0
configure:6150: gcc -o conftest -ansi -W -Wall -pedantic -Wshadow -Wpointer-arith -Wmissing-prototypes -Wwrite-strings -D_XOPEN_SOURCE=500 -D_BSD_SOURCE -O2     conftest.c  >&5
configure: In function `main':
configure:6143: warning: implicit declaration of function `exit'
configure:6153: $? = 0
configure:6155: ./conftest
configure:6158: $? = 0
configure:6172: result: yes
configure:6196: checking for sys/types.h
configure:6209: gcc -c -ansi -W -Wall -pedantic -Wshadow -Wpointer-arith -Wmissing-prototypes -Wwrite-strings -D_XOPEN_SOURCE=500 -D_BSD_SOURCE -O2    conftest.c >&5
configure:6212: $? = 0
configure:6215: test -s conftest.o
configure:6218: $? = 0
configure:6228: result: yes
configure:6196: checking for sys/stat.h
configure:6209: gcc -c -ansi -W -Wall -pedantic -Wshadow -Wpointer-arith -Wmissing-prototypes -Wwrite-strings -D_XOPEN_SOURCE=500 -D_BSD_SOURCE -O2    conftest.c >&5
configure:6212: $? = 0
configure:6215: test -s conftest.o
configure:6218: $? = 0
configure:6228: result: yes
configure:6196: checking for stdlib.h
configure:6209: gcc -c -ansi -W -Wall -pedantic -Wshadow -Wpointer-arith -Wmissing-prototypes -Wwrite-strings -D_XOPEN_SOURCE=500 -D_BSD_SOURCE -O2    conftest.c >&5
configure:6212: $? = 0
configure:6215: test -s conftest.o
configure:6218: $? = 0
configure:6228: result: yes
configure:6196: checking for string.h
configure:6209: gcc -c -ansi -W -Wall -pedantic -Wshadow -Wpointer-arith -Wmissing-prototypes -Wwrite-strings -D_XOPEN_SOURCE=500 -D_BSD_SOURCE -O2    conftest.c >&5
configure:6212: $? = 0
configure:6215: test -s conftest.o
configure:6218: $? = 0
configure:6228: result: yes
configure:6196: checking for memory.h
configure:6209: gcc -c -ansi -W -Wall -pedantic -Wshadow -Wpointer-arith -Wmissing-prototypes -Wwrite-strings -D_XOPEN_SOURCE=500 -D_BSD_SOURCE -O2    conftest.c >&5
configure:6212: $? = 0
configure:6215: test -s conftest.o
configure:6218: $? = 0
configure:6228: result: yes
configure:6196: checking for strings.h
configure:6209: gcc -c -ansi -W -Wall -pedantic -Wshadow -Wpointer-arith -Wmissing-prototypes -Wwrite-strings -D_XOPEN_SOURCE=500 -D_BSD_SOURCE -O2    conftest.c >&5
configure:6212: $? = 0
configure:6215: test -s conftest.o
configure:6218: $? = 0
configure:6228: result: yes
configure:6196: checking for inttypes.h
configure:6209: gcc -c -ansi -W -Wall -pedantic -Wshadow -Wpointer-arith -Wmissing-prototypes -Wwrite-strings -D_XOPEN_SOURCE=500 -D_BSD_SOURCE -O2    conftest.c >&5
configure:6212: $? = 0
configure:6215: test -s conftest.o
configure:6218: $? = 0
configure:6228: result: yes
configure:6196: checking for stdint.h
configure:6209: gcc -c -ansi -W -Wall -pedantic -Wshadow -Wpointer-arith -Wmissing-prototypes -Wwrite-strings -D_XOPEN_SOURCE=500 -D_BSD_SOURCE -O2    conftest.c >&5
configure:6212: $? = 0
configure:6215: test -s conftest.o
configure:6218: $? = 0
configure:6228: result: yes
configure:6196: checking for unistd.h
configure:6209: gcc -c -ansi -W -Wall -pedantic -Wshadow -Wpointer-arith -Wmissing-prototypes -Wwrite-strings -D_XOPEN_SOURCE=500 -D_BSD_SOURCE -O2    conftest.c >&5
configure:6212: $? = 0
configure:6215: test -s conftest.o
configure:6218: $? = 0
configure:6228: result: yes
configure:6254: checking dlfcn.h usability
configure:6263: gcc -c -ansi -W -Wall -pedantic -Wshadow -Wpointer-arith -Wmissing-prototypes -Wwrite-strings -D_XOPEN_SOURCE=500 -D_BSD_SOURCE -O2    conftest.c >&5
configure:6266: $? = 0
configure:6269: test -s conftest.o
configure:6272: $? = 0
configure:6281: result: yes
configure:6285: checking dlfcn.h presence
configure:6292: cpp  conftest.c
configure:6298: $? = 0
configure:6316: result: yes
configure:6334: checking for dlfcn.h
configure:6341: result: yes
configure:6358: checking the maximum length of command line arguments
configure:6406: result: 32768
configure:6417: checking command to parse nm output from gcc object
configure:6502: gcc -c -ansi -W -Wall -pedantic -Wshadow -Wpointer-arith -Wmissing-prototypes -Wwrite-strings -D_XOPEN_SOURCE=500 -D_BSD_SOURCE -O2    conftest.c >&5
conftest.c:5: warning: no previous prototype for `nm_test_func'
configure:6505: $? = 0
configure:6509: nm conftest.o \| sed -n -e 's/^.*[ 	]\([ABCDGISTW][ABCDGISTW]*\)[ 	][ 	]*\(\)\([_A-Za-z][_A-Za-z0-9]*\)$/\1 \2\3 \3/p' \> conftest.nm
configure:6512: $? = 0
configure:6564: gcc -o conftest -ansi -W -Wall -pedantic -Wshadow -Wpointer-arith -Wmissing-prototypes -Wwrite-strings -D_XOPEN_SOURCE=500 -D_BSD_SOURCE -O2     conftest.c conftstm.o >&5
configure:6567: $? = 0
configure:6605: result: ok
configure:6609: checking for objdir
configure:6624: result: .libs
configure:6676: checking for i386-linux-ranlib
configure:6705: result: no
configure:6714: checking for ranlib
configure:6730: found /usr/bin/ranlib
configure:6741: result: ranlib
configure:6756: checking for i386-linux-strip
configure:6785: result: no
configure:6794: checking for strip
configure:6810: found /usr/bin/strip
configure:6821: result: strip
configure:7084: checking if gcc static flag  works
conftest.c:1: warning: return type defaults to `int'
configure:7107: result: no
configure:7124: checking if gcc supports -fno-rtti -fno-exceptions
cc1: warning: ignoring command line option '-fno-rtti'
cc1: warning: (it is valid for C++ but not the selected language)
cc1: warning: ignoring command line option '-fno-rtti'
cc1: warning: (it is valid for C++ but not the selected language)
configure:7148: result: no
configure:7163: checking for gcc option to produce PIC
configure:7316: result: -fPIC
configure:7323: checking if gcc PIC flag -fPIC works
configure:7347: result: yes
configure:7371: checking if gcc supports -c -o file.o
configure:7412: result: yes
configure:7438: checking whether the gcc linker (/usr/bin/ld) supports shared libraries
configure:8223: result: yes
configure:8245: checking whether -lc should be explicitly linked in
configure:8250: gcc -c -ansi -W -Wall -pedantic -Wshadow -Wpointer-arith -Wmissing-prototypes -Wwrite-strings -D_XOPEN_SOURCE=500 -D_BSD_SOURCE -O2    conftest.c >&5
conftest.c:1: warning: `dummy' defined but not used
configure:8253: $? = 0
configure:8267: gcc -shared conftest.o  -v -Wl,-soname -Wl,conftest -o conftest 2\>\&1 \| grep  -lc  \>/dev/null 2\>\&1
configure:8270: $? = 0
configure:8282: result: no
configure:8288: checking how to hardcode library paths into programs
configure:8312: result: immediate
configure:8326: checking whether stripping libraries is possible
configure:8331: result: yes
configure:8338: checking dynamic linker characteristics
configure:8789: result: GNU/Linux ld.so
configure:9430: checking if libtool supports shared libraries
configure:9432: result: yes
configure:9435: checking whether to build shared libraries
configure:9456: result: yes
configure:9459: checking whether to build static libraries
configure:9463: result: no
configure:9542: creating libtool
configure:10267: checking whether the g++ linker (/usr/bin/ld) supports shared libraries
configure:10924: result: yes
configure:10941: g++ -c -Wnon-virtual-dtor -Wno-long-long -Wundef -Wall -pedantic -W -Wpointer-arith -Wmissing-prototypes -Wwrite-strings -ansi -D_XOPEN_SOURCE=500 -D_BSD_SOURCE -Wcast-align -Wconversion -O2 -O0 -g3 -Wall -fno-exceptions -fno-check-new  conftest.cc >&5
configure:10944: $? = 0
configure:11044: checking for g++ option to produce PIC
configure:11280: result: -fPIC
configure:11287: checking if g++ PIC flag -fPIC works
configure:11311: result: yes
configure:11335: checking if g++ supports -c -o file.o
configure:11376: result: yes
configure:11402: checking whether the g++ linker (/usr/bin/ld) supports shared libraries
configure:11424: result: yes
configure:11446: checking whether -lc should be explicitly linked in
configure:11451: g++ -c -Wnon-virtual-dtor -Wno-long-long -Wundef -Wall -pedantic -W -Wpointer-arith -Wmissing-prototypes -Wwrite-strings -ansi -D_XOPEN_SOURCE=500 -D_BSD_SOURCE -Wcast-align -Wconversion -O2 -O0 -g3 -Wall -fno-exceptions -fno-check-new  conftest.cc >&5
conftest.cc:1: warning: `int dummy' defined but not used
configure:11454: $? = 0
configure:11468: g++ -shared -nostdlib  conftest.o   -v -Wl,-soname -Wl,conftest -o conftest 2\>\&1 \| grep  -lc  \>/dev/null 2\>\&1
configure:11471: $? = 1
configure:11483: result: yes
configure:11489: checking how to hardcode library paths into programs
configure:11513: result: immediate
configure:11527: checking whether stripping libraries is possible
configure:11532: result: yes
configure:11539: checking dynamic linker characteristics
configure:11990: result: GNU/Linux ld.so
configure:13047: checking if gcj supports -fno-rtti -fno-exceptions
configure:13071: result: no
configure:13086: checking for gcj option to produce PIC
configure:13239: result: -fPIC
configure:13246: checking if gcj PIC flag -fPIC works
configure:13270: result: no
configure:13294: checking if gcj supports -c -o file.o
configure:13335: result: no
configure:13361: checking whether the gcj linker (/usr/bin/ld) supports shared libraries
configure:14146: result: yes
configure:14168: checking whether -lc should be explicitly linked in
configure:14173: gcj -c -ansi -W -Wall -pedantic -Wshadow -Wpointer-arith -Wmissing-prototypes -Wwrite-strings -D_XOPEN_SOURCE=500 -D_BSD_SOURCE -O2    conftest.java >&5
gcj: can't specify `-D' without `--main'

configure:14176: $? = 1
configure:14205: result: yes
configure:14211: checking how to hardcode library paths into programs
configure:14235: result: immediate
configure:14249: checking whether stripping libraries is possible
configure:14254: result: yes
configure:14261: checking dynamic linker characteristics
configure:14712: result: GNU/Linux ld.so
configure:16245: checking for msgfmt
configure:16272: result: /usr/bin/msgfmt
configure:16281: checking for gmsgfmt
configure:16312: result: /usr/bin/msgfmt
configure:16331: checking for xgettext
configure:16358: result: /usr/bin/xgettext
configure:16457: checking for main in -lutil
configure:16484: gcc -o conftest -ansi -W -Wall -pedantic -Wshadow -Wpointer-arith -Wmissing-prototypes -Wwrite-strings -D_XOPEN_SOURCE=500 -D_BSD_SOURCE -O2     conftest.c -lutil   >&5
configure:16487: $? = 0
configure:16490: test -s conftest
configure:16493: $? = 0
configure:16504: result: yes
configure:16510: checking for main in -lcompat
configure:16537: gcc -o conftest -ansi -W -Wall -pedantic -Wshadow -Wpointer-arith -Wmissing-prototypes -Wwrite-strings -D_XOPEN_SOURCE=500 -D_BSD_SOURCE -O2     conftest.c -lcompat   >&5
/usr/bin/ld: cannot find -lcompat
collect2: ld returned 1 exit status
configure:16540: $? = 1
configure: failed program was:
#line 16517 "configure"
#include "confdefs.h"


#ifdef F77_DUMMY_MAIN
#  ifdef __cplusplus
     extern "C"
#  endif
   int F77_DUMMY_MAIN() { return 1; }
#endif
int
main ()
{
main ();
  ;
  return 0;
}
configure:16557: result: no
configure:16564: checking for crypt in -lcrypt
configure:16597: gcc -o conftest -ansi -W -Wall -pedantic -Wshadow -Wpointer-arith -Wmissing-prototypes -Wwrite-strings -D_XOPEN_SOURCE=500 -D_BSD_SOURCE -O2     conftest.c -lcrypt   >&5
configure:16600: $? = 0
configure:16603: test -s conftest
configure:16606: $? = 0
configure:16617: result: yes
configure:16702: checking for socklen_t
configure:16744: g++ -c -Wnon-virtual-dtor -Wno-long-long -Wundef -Wall -pedantic -W -Wpointer-arith -Wmissing-prototypes -Wwrite-strings -ansi -D_XOPEN_SOURCE=500 -D_BSD_SOURCE -Wcast-align -Wconversion -O2 -O0 -g3 -Wall -fno-exceptions -fno-check-new  conftest.cc >&5
configure:16747: $? = 0
configure:16750: test -s conftest.o
configure:16753: $? = 0
configure:16816: result: socklen_t
configure:16838: checking for dnet_ntoa in -ldnet
configure:16871: gcc -o conftest -ansi -W -Wall -pedantic -Wshadow -Wpointer-arith -Wmissing-prototypes -Wwrite-strings -D_XOPEN_SOURCE=500 -D_BSD_SOURCE -O2     conftest.c -ldnet   >&5
/usr/bin/ld: cannot find -ldnet
collect2: ld returned 1 exit status
configure:16874: $? = 1
configure: failed program was:
#line 16845 "configure"
#include "confdefs.h"

/* Override any gcc2 internal prototype to avoid an error.  */
#ifdef __cplusplus
extern "C"
#endif
/* We use char because int might match the return type of a gcc2
   builtin and then its argument prototype would still apply.  */
char dnet_ntoa ();
#ifdef F77_DUMMY_MAIN
#  ifdef __cplusplus
     extern "C"
#  endif
   int F77_DUMMY_MAIN() { return 1; }
#endif
int
main ()
{
dnet_ntoa ();
  ;
  return 0;
}
configure:16891: result: no
configure:16898: checking for dnet_ntoa in -ldnet_stub
configure:16931: gcc -o conftest -ansi -W -Wall -pedantic -Wshadow -Wpointer-arith -Wmissing-prototypes -Wwrite-strings -D_XOPEN_SOURCE=500 -D_BSD_SOURCE -O2     conftest.c -ldnet_stub   >&5
/usr/bin/ld: cannot find -ldnet_stub
collect2: ld returned 1 exit status
configure:16934: $? = 1
configure: failed program was:
#line 16905 "configure"
#include "confdefs.h"

/* Override any gcc2 internal prototype to avoid an error.  */
#ifdef __cplusplus
extern "C"
#endif
/* We use char because int might match the return type of a gcc2
   builtin and then its argument prototype would still apply.  */
char dnet_ntoa ();
#ifdef F77_DUMMY_MAIN
#  ifdef __cplusplus
     extern "C"
#  endif
   int F77_DUMMY_MAIN() { return 1; }
#endif
int
main ()
{
dnet_ntoa ();
  ;
  return 0;
}
configure:16951: result: no
configure:16958: checking for inet_ntoa
configure:17001: gcc -o conftest -ansi -W -Wall -pedantic -Wshadow -Wpointer-arith -Wmissing-prototypes -Wwrite-strings -D_XOPEN_SOURCE=500 -D_BSD_SOURCE -O2     conftest.c  >&5
configure:17004: $? = 0
configure:17007: test -s conftest
configure:17010: $? = 0
configure:17020: result: yes
configure:17084: checking for connect
configure:17127: gcc -o conftest -ansi -W -Wall -pedantic -Wshadow -Wpointer-arith -Wmissing-prototypes -Wwrite-strings -D_XOPEN_SOURCE=500 -D_BSD_SOURCE -O2     conftest.c  >&5
configure:17130: $? = 0
configure:17133: test -s conftest
configure:17136: $? = 0
configure:17146: result: yes
configure:17211: checking for remove
configure:17254: gcc -o conftest -ansi -W -Wall -pedantic -Wshadow -Wpointer-arith -Wmissing-prototypes -Wwrite-strings -D_XOPEN_SOURCE=500 -D_BSD_SOURCE -O2     conftest.c  >&5
configure:17257: $? = 0
configure:17260: test -s conftest
configure:17263: $? = 0
configure:17273: result: yes
configure:17339: checking for shmat
configure:17382: gcc -o conftest -ansi -W -Wall -pedantic -Wshadow -Wpointer-arith -Wmissing-prototypes -Wwrite-strings -D_XOPEN_SOURCE=500 -D_BSD_SOURCE -O2     conftest.c  >&5
configure:17385: $? = 0
configure:17388: test -s conftest
configure:17391: $? = 0
configure:17401: result: yes
configure:17483: checking crt_externs.h usability
configure:17492: gcc -c -ansi -W -Wall -pedantic -Wshadow -Wpointer-arith -Wmissing-prototypes -Wwrite-strings -D_XOPEN_SOURCE=500 -D_BSD_SOURCE -O2    conftest.c >&5
configure:17520:25: crt_externs.h: No such file or directory
configure:17495: $? = 1
configure: failed program was:
#line 17485 "configure"
#include "confdefs.h"
#include <stdio.h>
#if HAVE_SYS_TYPES_H
# include <sys/types.h>
#endif
#if HAVE_SYS_STAT_H
# include <sys/stat.h>
#endif
#if STDC_HEADERS
# include <stdlib.h>
# include <stddef.h>
#else
# if HAVE_STDLIB_H
#  include <stdlib.h>
# endif
#endif
#if HAVE_STRING_H
# if !STDC_HEADERS && HAVE_MEMORY_H
#  include <memory.h>
# endif
# include <string.h>
#endif
#if HAVE_STRINGS_H
# include <strings.h>
#endif
#if HAVE_INTTYPES_H
# include <inttypes.h>
#else
# if HAVE_STDINT_H
#  include <stdint.h>
# endif
#endif
#if HAVE_UNISTD_H
# include <unistd.h>
#endif
#include <crt_externs.h>
configure:17510: result: no
configure:17514: checking crt_externs.h presence
configure:17521: cpp  conftest.c
configure:17517:25: crt_externs.h: No such file or directory
configure:17527: $? = 1
configure: failed program was:
#line 17516 "configure"
#include "confdefs.h"
#include <crt_externs.h>
configure:17545: result: no
configure:17563: checking for crt_externs.h
configure:17570: result: no
configure:17583: checking for _NSGetEnviron
configure:17626: gcc -o conftest -ansi -W -Wall -pedantic -Wshadow -Wpointer-arith -Wmissing-prototypes -Wwrite-strings -D_XOPEN_SOURCE=500 -D_BSD_SOURCE -O2     conftest.c  >&5
/tmp/ccCDffjG.o: In function `main':
/tmp/ccCDffjG.o(.text+0xf): undefined reference to `_NSGetEnviron'
collect2: ld returned 1 exit status
configure:17629: $? = 1
configure: failed program was:
#line 17588 "configure"
#include "confdefs.h"
/* System header to define __stub macros and hopefully few prototypes,
    which can conflict with char _NSGetEnviron (); below.  */
#include <assert.h>
/* Override any gcc2 internal prototype to avoid an error.  */
#ifdef __cplusplus
extern "C"
#endif
/* We use char because int might match the return type of a gcc2
   builtin and then its argument prototype would still apply.  */
char _NSGetEnviron ();
char (*f) ();

#ifdef F77_DUMMY_MAIN
#  ifdef __cplusplus
     extern "C"
#  endif
   int F77_DUMMY_MAIN() { return 1; }
#endif
int
main ()
{
/* The GNU C library defines this for functions which it implements
    to always fail with ENOSYS.  Some functions are actually named
    something starting with __ and the normal name is an alias.  */
#if defined (__stub__NSGetEnviron) || defined (__stub____NSGetEnviron)
choke me
#else
f = _NSGetEnviron;
#endif

  ;
  return 0;
}
configure:17645: result: no
configure:17663: checking for sys/types.h
configure:17668: result: yes
configure:17663: checking for stdint.h
configure:17668: result: yes
configure:17774: checking for poll in -lpoll
configure:17807: gcc -o conftest -ansi -W -Wall -pedantic -Wshadow -Wpointer-arith -Wmissing-prototypes -Wwrite-strings -D_XOPEN_SOURCE=500 -D_BSD_SOURCE -O2     conftest.c -lpoll   >&5
/usr/bin/ld: cannot find -lpoll
collect2: ld returned 1 exit status
configure:17810: $? = 1
configure: failed program was:
#line 17781 "configure"
#include "confdefs.h"

/* Override any gcc2 internal prototype to avoid an error.  */
#ifdef __cplusplus
extern "C"
#endif
/* We use char because int might match the return type of a gcc2
   builtin and then its argument prototype would still apply.  */
char poll ();
#ifdef F77_DUMMY_MAIN
#  ifdef __cplusplus
     extern "C"
#  endif
   int F77_DUMMY_MAIN() { return 1; }
#endif
int
main ()
{
poll ();
  ;
  return 0;
}
configure:17827: result: no
configure:17845: checking CoreAudio/CoreAudio.h usability
configure:17854: gcc -c -ansi -W -Wall -pedantic -Wshadow -Wpointer-arith -Wmissing-prototypes -Wwrite-strings -D_XOPEN_SOURCE=500 -D_BSD_SOURCE -O2    conftest.c >&5
configure:17882:33: CoreAudio/CoreAudio.h: No such file or directory
configure:17857: $? = 1
configure: failed program was:
#line 17847 "configure"
#include "confdefs.h"
#include <stdio.h>
#if HAVE_SYS_TYPES_H
# include <sys/types.h>
#endif
#if HAVE_SYS_STAT_H
# include <sys/stat.h>
#endif
#if STDC_HEADERS
# include <stdlib.h>
# include <stddef.h>
#else
# if HAVE_STDLIB_H
#  include <stdlib.h>
# endif
#endif
#if HAVE_STRING_H
# if !STDC_HEADERS && HAVE_MEMORY_H
#  include <memory.h>
# endif
# include <string.h>
#endif
#if HAVE_STRINGS_H
# include <strings.h>
#endif
#if HAVE_INTTYPES_H
# include <inttypes.h>
#else
# if HAVE_STDINT_H
#  include <stdint.h>
# endif
#endif
#if HAVE_UNISTD_H
# include <unistd.h>
#endif
#include <CoreAudio/CoreAudio.h>
configure:17872: result: no
configure:17876: checking CoreAudio/CoreAudio.h presence
configure:17883: cpp  conftest.c
configure:17879:33: CoreAudio/CoreAudio.h: No such file or directory
configure:17889: $? = 1
configure: failed program was:
#line 17878 "configure"
#include "confdefs.h"
#include <CoreAudio/CoreAudio.h>
configure:17907: result: no
configure:17925: checking for CoreAudio/CoreAudio.h
configure:17932: result: no
configure:17950: checking if res_init needs -lresolv
configure:17980: gcc -o conftest -ansi -W -Wall -pedantic -Wshadow -Wpointer-arith -Wmissing-prototypes -Wwrite-strings -D_XOPEN_SOURCE=500 -D_BSD_SOURCE -O2     conftest.c   -lresolv >&5
configure:17983: $? = 0
configure:17986: test -s conftest
configure:17989: $? = 0
configure:17993: result: yes
configure:18012: checking if res_init is available
configure:18040: gcc -c -ansi -W -Wall -pedantic -Wshadow -Wpointer-arith -Wmissing-prototypes -Wwrite-strings -D_XOPEN_SOURCE=500 -D_BSD_SOURCE -O2    conftest.c >&5
configure:18043: $? = 0
configure:18046: test -s conftest.o
configure:18049: $? = 0
configure:18052: result: yes
configure:18074: checking for killpg in -lucb
configure:18107: gcc -o conftest -ansi -W -Wall -pedantic -Wshadow -Wpointer-arith -Wmissing-prototypes -Wwrite-strings -D_XOPEN_SOURCE=500 -D_BSD_SOURCE -O2     conftest.c -lucb   >&5
/usr/bin/ld: cannot find -lucb
collect2: ld returned 1 exit status
configure:18110: $? = 1
configure: failed program was:
#line 18081 "configure"
#include "confdefs.h"

/* Override any gcc2 internal prototype to avoid an error.  */
#ifdef __cplusplus
extern "C"
#endif
/* We use char because int might match the return type of a gcc2
   builtin and then its argument prototype would still apply.  */
char killpg ();
#ifdef F77_DUMMY_MAIN
#  ifdef __cplusplus
     extern "C"
#  endif
   int F77_DUMMY_MAIN() { return 1; }
#endif
int
main ()
{
killpg ();
  ;
  return 0;
}
configure:18127: result: no
configure:18201: checking for int
configure:18228: gcc -c -ansi -W -Wall -pedantic -Wshadow -Wpointer-arith -Wmissing-prototypes -Wwrite-strings -D_XOPEN_SOURCE=500 -D_BSD_SOURCE -O2    conftest.c >&5
configure:18231: $? = 0
configure:18234: test -s conftest.o
configure:18237: $? = 0
configure:18247: result: yes
configure:18250: checking size of int
configure:18528: gcc -o conftest -ansi -W -Wall -pedantic -Wshadow -Wpointer-arith -Wmissing-prototypes -Wwrite-strings -D_XOPEN_SOURCE=500 -D_BSD_SOURCE -O2     conftest.c  >&5
configure:18521: warning: no previous prototype for `longval'
configure:18522: warning: no previous prototype for `ulongval'
configure:18531: $? = 0
configure:18533: ./conftest
configure:18536: $? = 0
configure:18556: result: 4
configure:18562: checking for long
configure:18589: gcc -c -ansi -W -Wall -pedantic -Wshadow -Wpointer-arith -Wmissing-prototypes -Wwrite-strings -D_XOPEN_SOURCE=500 -D_BSD_SOURCE -O2    conftest.c >&5
configure:18592: $? = 0
configure:18595: test -s conftest.o
configure:18598: $? = 0
configure:18608: result: yes
configure:18611: checking size of long
configure:18889: gcc -o conftest -ansi -W -Wall -pedantic -Wshadow -Wpointer-arith -Wmissing-prototypes -Wwrite-strings -D_XOPEN_SOURCE=500 -D_BSD_SOURCE -O2     conftest.c  >&5
configure:18882: warning: no previous prototype for `longval'
configure:18883: warning: no previous prototype for `ulongval'
configure:18892: $? = 0
configure:18894: ./conftest
configure:18897: $? = 0
configure:18917: result: 4
configure:18923: checking for char *
configure:18950: gcc -c -ansi -W -Wall -pedantic -Wshadow -Wpointer-arith -Wmissing-prototypes -Wwrite-strings -D_XOPEN_SOURCE=500 -D_BSD_SOURCE -O2    conftest.c >&5
configure:18953: $? = 0
configure:18956: test -s conftest.o
configure:18959: $? = 0
configure:18969: result: yes
configure:18972: checking size of char *
configure:19250: gcc -o conftest -ansi -W -Wall -pedantic -Wshadow -Wpointer-arith -Wmissing-prototypes -Wwrite-strings -D_XOPEN_SOURCE=500 -D_BSD_SOURCE -O2     conftest.c  >&5
configure:19243: warning: no previous prototype for `longval'
configure:19244: warning: no previous prototype for `ulongval'
configure:19253: $? = 0
configure:19255: ./conftest
configure:19258: $? = 0
configure:19278: result: 4
configure:19284: checking for char
configure:19311: gcc -c -ansi -W -Wall -pedantic -Wshadow -Wpointer-arith -Wmissing-prototypes -Wwrite-strings -D_XOPEN_SOURCE=500 -D_BSD_SOURCE -O2    conftest.c >&5
configure:19314: $? = 0
configure:19317: test -s conftest.o
configure:19320: $? = 0
configure:19330: result: yes
configure:19333: checking size of char
configure:19611: gcc -o conftest -ansi -W -Wall -pedantic -Wshadow -Wpointer-arith -Wmissing-prototypes -Wwrite-strings -D_XOPEN_SOURCE=500 -D_BSD_SOURCE -O2     conftest.c  >&5
configure:19604: warning: no previous prototype for `longval'
configure:19605: warning: no previous prototype for `ulongval'
configure:19614: $? = 0
configure:19616: ./conftest
configure:19619: $? = 0
configure:19639: result: 1
configure:19647: checking for dlopen in -ldl
configure:19680: gcc -o conftest -ansi -W -Wall -pedantic -Wshadow -Wpointer-arith -Wmissing-prototypes -Wwrite-strings -D_XOPEN_SOURCE=500 -D_BSD_SOURCE -O2     conftest.c -ldl   >&5
configure:19683: $? = 0
configure:19686: test -s conftest
configure:19689: $? = 0
configure:19700: result: yes
configure:19710: checking for shl_unload in -ldld
configure:19743: gcc -o conftest -ansi -W -Wall -pedantic -Wshadow -Wpointer-arith -Wmissing-prototypes -Wwrite-strings -D_XOPEN_SOURCE=500 -D_BSD_SOURCE -O2     conftest.c -ldld   >&5
/usr/bin/ld: cannot find -ldld
collect2: ld returned 1 exit status
configure:19746: $? = 1
configure: failed program was:
#line 19717 "configure"
#include "confdefs.h"

/* Override any gcc2 internal prototype to avoid an error.  */
#ifdef __cplusplus
extern "C"
#endif
/* We use char because int might match the return type of a gcc2
   builtin and then its argument prototype would still apply.  */
char shl_unload ();
#ifdef F77_DUMMY_MAIN
#  ifdef __cplusplus
     extern "C"
#  endif
   int F77_DUMMY_MAIN() { return 1; }
#endif
int
main ()
{
shl_unload ();
  ;
  return 0;
}
configure:19763: result: no
configure:19784: checking for vsnprintf
configure:19827: gcc -o conftest -ansi -W -Wall -pedantic -Wshadow -Wpointer-arith -Wmissing-prototypes -Wwrite-strings -D_XOPEN_SOURCE=500 -D_BSD_SOURCE -O2     conftest.c  >&5
configure:19830: $? = 0
configure:19833: test -s conftest
configure:19836: $? = 0
configure:19846: result: yes
configure:19784: checking for snprintf
configure:19827: gcc -o conftest -ansi -W -Wall -pedantic -Wshadow -Wpointer-arith -Wmissing-prototypes -Wwrite-strings -D_XOPEN_SOURCE=500 -D_BSD_SOURCE -O2     conftest.c  >&5
configure:19830: $? = 0
configure:19833: test -s conftest
configure:19836: $? = 0
configure:19846: result: yes
configure:19884: checking for X
configure:19926: cpp  conftest.c
configure:19932: $? = 0
configure:20024: gcc -o conftest -ansi -W -Wall -pedantic -Wshadow -Wpointer-arith -Wmissing-prototypes -Wwrite-strings -D_XOPEN_SOURCE=500 -D_BSD_SOURCE -O2     conftest.c -lXt  >&5
configure: In function `main':
configure:20016: warning: implicit declaration of function `XtMalloc'
/usr/bin/ld: cannot find -lXt
collect2: ld returned 1 exit status
configure:20027: $? = 1
configure: failed program was:
#line 20005 "configure"
#include "confdefs.h"

#ifdef F77_DUMMY_MAIN
#  ifdef __cplusplus
     extern "C"
#  endif
   int F77_DUMMY_MAIN() { return 1; }
#endif
int
main ()
{
XtMalloc()
  ;
  return 0;
}
configure:20177: result: libraries /usr/X11R6/lib, headers /usr/X11R6/include
configure:20211: checking for IceConnectionNumber in -lICE
configure:20244: gcc -o conftest -ansi -W -Wall -pedantic -Wshadow -Wpointer-arith -Wmissing-prototypes -Wwrite-strings -D_XOPEN_SOURCE=500 -D_BSD_SOURCE -O2     -L/usr/X11R6/lib conftest.c -lICE   >&5
configure:20247: $? = 0
configure:20250: test -s conftest
configure:20253: $? = 0
configure:20264: result: yes
configure:20278: checking for libXext
configure:20316: gcc -o conftest -ansi -W -Wall -pedantic -Wshadow -Wpointer-arith -Wmissing-prototypes -Wwrite-strings -D_XOPEN_SOURCE=500 -D_BSD_SOURCE -O2     -L/usr/X11R6/lib  conftest.c -lXext -lX11  >&5
configure:20319: $? = 0
configure:20322: test -s conftest
configure:20325: $? = 0
configure:20342: result: yes
configure:20355: checking for Xinerama
configure:20430: result: no
configure:20486: checking for pthread_create in -lpthread
configure:20519: gcc -o conftest -ansi -W -Wall -pedantic -Wshadow -Wpointer-arith -Wmissing-prototypes -Wwrite-strings -D_XOPEN_SOURCE=500 -D_BSD_SOURCE -O2     conftest.c -lpthread   >&5
configure:20522: $? = 0
configure:20525: test -s conftest
configure:20528: $? = 0
configure:20539: result: yes
configure:20934: checking for extra includes
configure:20962: result: no
configure:20966: checking for extra libs
configure:20995: result: no
configure:21001: checking for libz
configure:21038: gcc -o conftest -ansi -W -Wall -pedantic -Wshadow -Wpointer-arith -Wmissing-prototypes -Wwrite-strings -D_XOPEN_SOURCE=500 -D_BSD_SOURCE -O2   -I/usr/X11R6/include   -D_REENTRANT  conftest.c -L/usr/X11R6/lib  -lz  >&5
configure:21041: $? = 0
configure:21044: test -s conftest
configure:21047: $? = 0
configure:21068: result: -lz
configure:21081: checking for libpng
configure:21126: gcc -o conftest -ansi -W -Wall -pedantic -Wshadow -Wpointer-arith -Wmissing-prototypes -Wwrite-strings -D_XOPEN_SOURCE=500 -D_BSD_SOURCE -O2   -I/usr/X11R6/include   -D_REENTRANT  conftest.c  -L/usr/X11R6/lib  -lpng -lz -lm -lX11  >&5
configure:21129: $? = 0
configure:21132: test -s conftest
configure:21135: $? = 0
configure:21157: result: -lpng -lz -lm
configure:21168: checking for libjpeg6b
configure:21217: gcc -o conftest -ansi -W -Wall -pedantic -Wshadow -Wpointer-arith -Wmissing-prototypes -Wwrite-strings -D_XOPEN_SOURCE=500 -D_BSD_SOURCE -O2   -I/usr/X11R6/include   -D_REENTRANT  conftest.c -L/usr/X11R6/lib  -ljpeg6b -lm >&5
/usr/bin/ld: cannot find -ljpeg6b
collect2: ld returned 1 exit status
configure:21220: $? = 1
configure: failed program was:
#line 21184 "configure"
#include "confdefs.h"
/* Override any gcc2 internal prototype to avoid an error.  */
struct jpeg_decompress_struct;
typedef struct jpeg_decompress_struct * j_decompress_ptr;
typedef int size_t;
#ifdef __cplusplus
extern "C" {
#endif
    void jpeg_CreateDecompress(j_decompress_ptr cinfo,
                                    int version, size_t structsize);
#ifdef __cplusplus
}
#endif
/* We use char because int might match the return type of a gcc2
    builtin and then its argument prototype would still apply.  */

#ifdef F77_DUMMY_MAIN
#  ifdef __cplusplus
     extern "C"
#  endif
   int F77_DUMMY_MAIN() { return 1; }
#endif
int
main ()
{
jpeg_CreateDecompress(0L, 0, 0);
  ;
  return 0;
}
configure:21246: result: no
configure:21249: checking for libjpeg
configure:21298: gcc -o conftest -ansi -W -Wall -pedantic -Wshadow -Wpointer-arith -Wmissing-prototypes -Wwrite-strings -D_XOPEN_SOURCE=500 -D_BSD_SOURCE -O2   -I/usr/X11R6/include   -D_REENTRANT  conftest.c -L/usr/X11R6/lib  -ljpeg -lm >&5
configure:21301: $? = 0
configure:21304: test -s conftest
configure:21307: $? = 0
configure:21324: result: -ljpeg
configure: 21350: ${prefix}/include/jpeglib.h
configure: 21350: /usr/include/jpeglib.h
taking that
configure:21521: checking for Qt
configure: 21588: /usr/lib/qt-3.1/include/qstyle.h
taking that
tried NO
configure:21698: rm -rf SunWS_cache; g++ -o conftest -Wnon-virtual-dtor -Wno-long-long -Wundef -Wall -pedantic -W -Wpointer-arith -Wmissing-prototypes -Wwrite-strings -ansi -D_XOPEN_SOURCE=500 -D_BSD_SOURCE -Wcast-align -Wconversion -O2 -O0 -g3 -Wall -fno-exceptions -fno-check-new -I/usr/lib/qt-3.1/include -I/usr/X11R6/include  -DQT_THREAD_SUPPORT  -D_REENTRANT  -L/usr/lib/qt-3.1/lib -L/usr/X11R6/lib   conftest.cc  -lqt-mt -lpng -lz -lm -ljpeg -ldl  -lXext -lX11 -lSM -lICE  -lpthread 1>&5
configure:21701: $? = 0
configure:21760: result: libraries /usr/lib/qt-3.1/lib, headers /usr/lib/qt-3.1/include using -mt
configure:21770: checking if Qt compiles without flags
configure:21867: rm -rf SunWS_cache; g++ -o conftest -Wnon-virtual-dtor -Wno-long-long -Wundef -Wall -pedantic -W -Wpointer-arith -Wmissing-prototypes -Wwrite-strings -ansi -D_XOPEN_SOURCE=500 -D_BSD_SOURCE -Wcast-align -Wconversion -O2 -O0 -g3 -Wall -fno-exceptions -fno-check-new -I/usr/lib/qt-3.1/include  -DQT_THREAD_SUPPORT  -D_REENTRANT  -L/usr/X11R6/lib conftest.cc -lqt-mt -lpng -lz -lm -ljpeg -ldl  -lXext -lX11 -lSM -lICE  -lXext -lX11  1>&5
/usr/bin/ld: cannot find -lqt-mt
collect2: ld returned 1 exit status
configure:21870: $? = 1
configure: failed program was:
#include "confdefs.h"
#include <qglobal.h>
#include <qapplication.h>
#include <qcursor.h>
#include <qstylefactory.h>
#include <private/qucomextra_p.h>
#if ! (QT_VERSION >= 0x030100)
#error 1
#endif

int main() {
    (void)QStyleFactory::create(QString::null);
    QCursor c(Qt::WhatsThisCursor);
    return 0;
}
configure:21903: result: no
configure:21941: checking for moc
configure:22010: result: /usr/lib/qt-3.1/bin/moc
configure:22018: checking for uic
configure:22069: result: /usr/lib/qt-3.1/bin/uic
configure:22097: checking whether uic supports -L 
configure:22108: /usr/lib/qt-3.1/bin/uic -L /nonexistant conftest.ui >/dev/null
configure:22111: $? = 0
configure:22123: result: yes
configure:22135: checking whether uic supports -nounload 
configure:22146: /usr/lib/qt-3.1/bin/uic -nounload  conftest.ui >/dev/null
configure:22149: $? = 0
configure:22161: result: yes
configure:22197: checking if Qt needs -ljpeg
configure:22241: rm -rf SunWS_cache; g++ -o conftest -Wnon-virtual-dtor -Wno-long-long -Wundef -Wall -pedantic -W -Wpointer-arith -Wmissing-prototypes -Wwrite-strings -ansi -D_XOPEN_SOURCE=500 -D_BSD_SOURCE -Wcast-align -Wconversion -O2 -O0 -g3 -Wall -fno-exceptions -fno-check-new -I/usr/lib/qt-3.1/include -I/usr/X11R6/include   -DQT_THREAD_SUPPORT  -D_REENTRANT  conftest.cc -L/usr/X11R6/lib -L/usr/lib/qt-3.1/lib -lqt-mt -lpng -lz -lm  -ldl -lXext -lX11 -lSM -lICE 1>&5
configure:22244: $? = 0
configure:22247: test -s conftest
configure:22250: $? = 0
configure:22276: result: no
configure:22302: checking for rpath
configure:22328: result: yes
configure:22331: checking for KDE
configure: 22381: /usr/local/kde/include/ksharedptr.h
configure: 22381: /usr/lib/kde/include/ksharedptr.h
configure: 22381: /usr/local/kde/include/ksharedptr.h
configure: 22381: /usr/local/include/ksharedptr.h
configure: 22381: /usr/kde/include/ksharedptr.h
configure: 22381: /usr/include/kde/ksharedptr.h
taking that
configure: 22411: /usr/local/kde/lib/libkio.la
configure: 22411: ${exec_prefix}/lib/libkio.la
configure: 22411: /usr/lib/kde/lib/libkio.la
configure: 22411: /usr/local/kde/lib/libkio.la
configure: 22411: /usr/kde/lib/libkio.la
configure: 22411: /usr/lib/kde/libkio.la
configure: 22411: /usr/lib/kde3/libkio.la
configure: 22411: /usr/lib/libkio.la
taking that
configure: 22429: /usr/local/kde/lib/kde3/plugins/designer/kdewidgets.la
configure: 22429: ${exec_prefix}/lib/kde3/plugins/designer/kdewidgets.la
configure: 22429: /usr/lib/kde/lib/kde3/plugins/designer/kdewidgets.la
configure: 22429: /usr/local/kde/lib/kde3/plugins/designer/kdewidgets.la
configure: 22429: /usr/kde/lib/kde3/plugins/designer/kdewidgets.la
configure: 22429: /usr/lib/kde/kde3/plugins/designer/kdewidgets.la
configure: 22429: /usr/lib/kde3/kde3/plugins/designer/kdewidgets.la
configure: 22429: /usr/lib/kde3/plugins/designer/kdewidgets.la
taking that
configure:22500: result: libraries /usr/lib, headers /usr/include/kde
configure:22537: checking if UIC has KDE plugins available
configure:22564: /usr/lib/qt-3.1/bin/uic -L /usr/lib/kde3/plugins/designer -nounload -impl actest.h actest.ui > actest.cpp
configure:22567: $? = 0
configure:22579: result: yes
configure:22618: checking for KDE paths
configure:23178: result: defaults
configure:23198: checking for dcopidl
configure:23257: result: /usr/bin/dcopidl
configure:23264: checking for dcopidl2cpp
configure:23323: result: /usr/bin/dcopidl2cpp
configure:23330: checking for mcopidl
configure:23389: result: /usr/bin/mcopidl
configure:23396: checking for artsc-config
configure:23455: result: /usr/bin/artsc-config
configure:23462: checking for kde-config
configure:23513: result: /usr/bin/kde-config
configure:23520: checking for meinproc
configure:23571: result: /usr/bin/meinproc
configure: 23589: /usr/share/kde/apps/ksgmltools2/customization/kde-chunk.xsl
configure: 23589: /usr/local/share/apps/ksgmltools2/customization/kde-chunk.xsl
configure: 23589: /usr/share/apps/ksgmltools2/customization/kde-chunk.xsl
taking that
configure:23755: checking if doc should be compiled
configure:23767: result: yes
configure:23755: checking if po should be compiled
configure:23767: result: yes
configure:23755: checking if small should be compiled
configure:23767: result: yes
configure:23870: creating ./config.status

## ---------------- ##
## Cache variables. ##
## ---------------- ##

ac_cv_build=i386-pc-linux-gnu
ac_cv_build_alias=i386-linux
ac_cv_c_compiler_gnu=yes
ac_cv_cxx_compiler_gnu=yes
ac_cv_env_CC_set=set
ac_cv_env_CC_value=gcc
ac_cv_env_CFLAGS_set=set
ac_cv_env_CFLAGS_value=
ac_cv_env_CPPFLAGS_set=set
ac_cv_env_CPPFLAGS_value=
ac_cv_env_CPP_set=set
ac_cv_env_CPP_value=cpp
ac_cv_env_CXXCPP_set=
ac_cv_env_CXXCPP_value=
ac_cv_env_CXXFLAGS_set=set
ac_cv_env_CXXFLAGS_value='-O0 -g3 -Wall '
ac_cv_env_CXX_set=set
ac_cv_env_CXX_value=g++
ac_cv_env_LDFLAGS_set=set
ac_cv_env_LDFLAGS_value=
ac_cv_env_build_alias_set=set
ac_cv_env_build_alias_value=i386-linux
ac_cv_env_host_alias_set=set
ac_cv_env_host_alias_value=i386-linux
ac_cv_env_target_alias_set=set
ac_cv_env_target_alias_value=i386-linux
ac_cv_exeext=
ac_cv_func__NSGetEnviron=no
ac_cv_func_connect=yes
ac_cv_func_inet_ntoa=yes
ac_cv_func_remove=yes
ac_cv_func_shmat=yes
ac_cv_func_snprintf=yes
ac_cv_func_vsnprintf=yes
ac_cv_have_dlfcn=yes
ac_cv_have_kde='have_kde=yes     ac_kde_includes=/usr/include/kde ac_kde_libraries=/usr/lib'
ac_cv_have_qt='have_qt=yes     ac_qt_includes=/usr/lib/qt-3.1/include ac_qt_libraries=/usr/lib/qt-3.1/lib'
ac_cv_have_xinerama=no
ac_cv_header_CoreAudio_CoreAudio_h=no
ac_cv_header_crt_externs_h=no
ac_cv_header_dlfcn_h=yes
ac_cv_header_inttypes_h=yes
ac_cv_header_memory_h=yes
ac_cv_header_stdc=yes
ac_cv_header_stdint_h=yes
ac_cv_header_stdlib_h=yes
ac_cv_header_string_h=yes
ac_cv_header_strings_h=yes
ac_cv_header_sys_stat_h=yes
ac_cv_header_sys_types_h=yes
ac_cv_header_unistd_h=yes
ac_cv_host=i386-pc-linux-gnu
ac_cv_host_alias=i386-linux
ac_cv_lib_ICE_IceConnectionNumber=yes
ac_cv_lib_compat_main=no
ac_cv_lib_crypt_crypt=yes
ac_cv_lib_dl_dlopen=yes
ac_cv_lib_dld_shl_unload=no
ac_cv_lib_dnet_dnet_ntoa=no
ac_cv_lib_dnet_stub_dnet_ntoa=no
ac_cv_lib_jpeg_6b=no
ac_cv_lib_jpeg_normal=-ljpeg
ac_cv_lib_png='-lpng -lz -lm'
ac_cv_lib_poll_poll=no
ac_cv_lib_pthread_pthread_create=yes
ac_cv_lib_ucb_killpg=no
ac_cv_lib_util_main=yes
ac_cv_lib_z=-lz
ac_cv_objext=o
ac_cv_path_GMSGFMT=/usr/bin/msgfmt
ac_cv_path_MSGFMT=/usr/bin/msgfmt
ac_cv_path_XGETTEXT=/usr/bin/xgettext
ac_cv_path_install='/usr/bin/install -c'
ac_cv_prog_AWK=gawk
ac_cv_prog_CC=gcc
ac_cv_prog_CPP=cpp
ac_cv_prog_CXX=g++
ac_cv_prog_CXXCPP='g++ -E'
ac_cv_prog_ac_ct_RANLIB=ranlib
ac_cv_prog_ac_ct_STRIP=strip
ac_cv_prog_cc_g=yes
ac_cv_prog_cxx_g=yes
ac_cv_prog_make_make_set=yes
ac_cv_sizeof_char=1
ac_cv_sizeof_char_p=4
ac_cv_sizeof_int=4
ac_cv_sizeof_long=4
ac_cv_socklen_t=socklen_t
ac_cv_target=i386-pc-linux-gnu
ac_cv_target_alias=i386-linux
ac_cv_type_char=yes
ac_cv_type_char_p=yes
ac_cv_type_int=yes
ac_cv_type_long=yes
am_cv_CC_dependencies_compiler_type=gcc3
am_cv_CXX_dependencies_compiler_type=gcc3
kde_cv_all_paths='kde_have_all_paths="yes" 	kde_htmldir="\${prefix}/share/doc/HTML" 	kde_appsdir="\${prefix}/share/applnk" 	kde_icondir="\${prefix}/share/icons" 	kde_sounddir="\${prefix}/share/sounds" 	kde_datadir="\${prefix}/share/apps" 	kde_locale="\${prefix}/share/locale" 	kde_cgidir="\${exec_prefix}/cgi-bin" 	kde_confdir="\${prefix}/share/config" 	kde_mimedir="\${prefix}/share/mimelnk" 	kde_toolbardir="\${prefix}/share/toolbar" 	kde_wallpaperdir="\${prefix}/share/wallpapers" 	kde_templatesdir="\${prefix}/share/templates" 	kde_bindir="\${exec_prefix}/bin" 	kde_servicesdir="\${prefix}/share/services" 	kde_servicetypesdir="\${prefix}/share/servicetypes" 	kde_moduledir="\${libdir}/kde3"    kde_styledir="\${libdir}/kde3/plugins/styles" 	kde_widgetdir="/usr/lib/kde3/plugins/designer" 	kde_result=defaults'
kde_cv_have_libXext=yes
kde_cv_have_x='have_x=yes          kde_x_includes=/usr/X11R6/include kde_x_libraries=/usr/X11R6/lib'
kde_cv_path=/usr/bin/meinproc
kde_cv_path_artsc_config=/usr/bin/artsc-config
kde_cv_path_dcopidl=/usr/bin/dcopidl
kde_cv_path_dcopidl2cpp=/usr/bin/dcopidl2cpp
kde_cv_path_kde_config=/usr/bin/kde-config
kde_cv_path_mcopidl=/usr/bin/mcopidl
kde_cv_path_meinproc=/usr/bin/meinproc
kde_cv_path_moc=/usr/lib/qt-3.1/bin/moc
kde_cv_path_uic=/usr/lib/qt-3.1/bin/uic
kde_cv_prog_cxx_Wno_long_long=yes
kde_cv_prog_cxx_Wnon_virtual_dtor=yes
kde_cv_prog_cxx_Wundef=yes
kde_cv_prog_cxx_fexceptions=yes
kde_cv_prog_cxx_fno_check_new=yes
kde_cv_prog_cxx_fno_exceptions=yes
kde_cv_prog_cxx_frepo=yes
kde_cv_prog_uic_L=yes
kde_cv_prog_uic_nounload=yes
kde_cv_qt_direct=no
kde_cv_qt_jpeg=no
kde_cv_uic_plugins=yes
lt_cv_deplibs_check_method=pass_all
lt_cv_file_magic_cmd='$MAGIC_CMD'
lt_cv_file_magic_test_file='/lib/libc.so.6 /lib/libc-2.3.2.so'
lt_cv_ld_reload_flag=-r
lt_cv_objdir=.libs
lt_cv_path_LD=/usr/bin/ld
lt_cv_path_NM=nm
lt_cv_path_SED=/bin/sed
lt_cv_prog_compiler_c_o=yes
lt_cv_prog_compiler_c_o_CXX=yes
lt_cv_prog_compiler_c_o_GCJ=no
lt_cv_prog_compiler_rtti_exceptions=no
lt_cv_prog_gnu_ld=yes
lt_cv_sys_global_symbol_pipe='sed -n -e '\''s/^.*[ 	]\([ABCDGISTW][ABCDGISTW]*\)[ 	][ 	]*\(\)\([_A-Za-z][_A-Za-z0-9]*\)$/\1 \2\3 \3/p'\'''
lt_cv_sys_global_symbol_to_c_name_address='sed -n -e '\''s/^: \([^ ]*\) $/  {\"\1\", (lt_ptr) 0},/p'\'' -e '\''s/^[BCDEGRST] \([^ ]*\) \([^ ]*\)$/  {"\2", (lt_ptr) \&\2},/p'\'''
lt_cv_sys_global_symbol_to_cdecl='sed -n -e '\''s/^. .* \(.*\)$/extern int \1;/p'\'''
lt_cv_sys_max_cmd_len=32768
lt_lt_cv_prog_compiler_c_o='"yes"'
lt_lt_cv_prog_compiler_c_o_CXX='"yes"'
lt_lt_cv_prog_compiler_c_o_GCJ='"no"'
lt_lt_cv_sys_global_symbol_pipe='"sed -n -e '\''s/^.*[ 	]\\([ABCDGISTW][ABCDGISTW]*\\)[ 	][ 	]*\\(\\)\\([_A-Za-z][_A-Za-z0-9]*\\)\$/\\1 \\2\\3 \\3/p'\''"'
lt_lt_cv_sys_global_symbol_to_c_name_address='"sed -n -e '\''s/^: \\([^ ]*\\) \$/  {\\\"\\1\\\", (lt_ptr) 0},/p'\'' -e '\''s/^[BCDEGRST] \\([^ ]*\\) \\([^ ]*\\)\$/  {\"\\2\", (lt_ptr) \\&\\2},/p'\''"'
lt_lt_cv_sys_global_symbol_to_cdecl='"sed -n -e '\''s/^. .* \\(.*\\)\$/extern int \\1;/p'\''"'

## ----------- ##
## confdefs.h. ##
## ----------- ##

#define PACKAGE_NAME ""
#define PACKAGE_TARNAME ""
#define PACKAGE_VERSION ""
#define PACKAGE_STRING ""
#define PACKAGE_BUGREPORT ""
#define PACKAGE "rohc-gui"
#define VERSION "0.1"
#ifdef __cplusplus
#include <stdlib.h>
#endif
#define HAVE_TEMPLATE_REPOSITORY 1
#define KDELIBSUFF ""
#define STDC_HEADERS 1
#define HAVE_SYS_TYPES_H 1
#define HAVE_SYS_STAT_H 1
#define HAVE_STDLIB_H 1
#define HAVE_STRING_H 1
#define HAVE_MEMORY_H 1
#define HAVE_STRINGS_H 1
#define HAVE_INTTYPES_H 1
#define HAVE_STDINT_H 1
#define HAVE_UNISTD_H 1
#define HAVE_DLFCN_H 1
#define HAVE_CRYPT 1
#define ksize_t socklen_t
#define HAVE_SYS_TYPES_H 1
#define HAVE_STDINT_H 1
#define HAVE_RES_INIT 1
#define HAVE_RES_INIT 1
#define SIZEOF_INT 4
#define SIZEOF_LONG 4
#define SIZEOF_CHAR_P 4
#define SIZEOF_CHAR 1
#define HAVE_VSNPRINTF 1
#define HAVE_SNPRINTF 1
#define HAVE_LIBZ 1
#define HAVE_LIBPNG 1
#define HAVE_LIBJPEG 1
#define HAVE_LIBPTHREAD 1

configure: exit 0

## ---------------------- ##
## Running config.status. ##
## ---------------------- ##

This file was extended by config.status, which was
generated by GNU Autoconf 2.53.  Invocation command line was

  CONFIG_FILES    = 
  CONFIG_HEADERS  = config.h
  CONFIG_LINKS    = 
  CONFIG_COMMANDS = 
  $ ./config.status 

on d26-216.sm.luth.se

config.status:653: creating config.h
config.status:794: config.h is unchanged
config.status:895: executing default-1 commands

## ---------------------- ##
## Running config.status. ##
## ---------------------- ##

This file was extended by config.status, which was
generated by GNU Autoconf 2.53.  Invocation command line was

  CONFIG_FILES    = Makefile
  CONFIG_HEADERS  = 
  CONFIG_LINKS    = 
  CONFIG_COMMANDS = 
  $ ./config.status 

on d26-216.sm.luth.se

config.status:895: executing default-1 commands

## ---------------------- ##
## Running config.status. ##
## ---------------------- ##

This file was extended by config.status, which was
generated by GNU Autoconf 2.53.  Invocation command line was

  CONFIG_FILES    = small/Makefile
  CONFIG_HEADERS  = 
  CONFIG_LINKS    = 
  CONFIG_COMMANDS = 
  $ ./config.status 

on d26-216.sm.luth.se

config.status:895: executing default-1 commands

## ---------------------- ##
## Running config.status. ##
## ---------------------- ##

This file was extended by config.status, which was
generated by GNU Autoconf 2.53.  Invocation command line was

  CONFIG_FILES    = po/Makefile
  CONFIG_HEADERS  = 
  CONFIG_LINKS    = 
  CONFIG_COMMANDS = 
  $ ./config.status 

on d26-216.sm.luth.se

config.status:895: executing default-1 commands
